<?xml version="1.0" encoding="UTF-8"?>
<testsuite xmlns:xsi="http://www.w3.org/2001/XMLSchema-instance" xsi:noNamespaceSchemaLocation="https://maven.apache.org/surefire/maven-surefire-plugin/xsd/surefire-test-report-3.0.xsd" version="3.0" name="love.disaster.j2j.core.function.EnhancedScriptsTest" time="0.29" tests="4" errors="0" skipped="0" failures="0">
  <properties>
[...]
</properties>
  <testcase name="testBeetlAdvancedFunction" classname="love.disaster.j2j.core.function.EnhancedScriptsTest" time="0.057"/>
  <testcase name="testBeetlFunction" classname="love.disaster.j2j.core.function.EnhancedScriptsTest" time="0.001"/>
  <testcase name="testJsonataFunction" classname="love.disaster.j2j.core.function.EnhancedScriptsTest" time="0.117">
    <system-err><![CDATA[ANTLR Tool version 4.11.1 used for code generation does not match the current runtime version 4.12.0
ANTLR Runtime version 4.11.1 used for parser compilation does not match the current runtime version 4.12.0
ANTLR Tool version 4.11.1 used for code generation does not match the current runtime version 4.12.0
ANTLR Runtime version 4.11.1 used for parser compilation does not match the current runtime version 4.12.0
]]></system-err>
  </testcase>
  <testcase name="testMissingDependencies" classname="love.disaster.j2j.core.function.EnhancedScriptsTest" time="0.001"/>
</testsuite>