<?xml version="1.0" encoding="UTF-8"?>
<testng-results total="4" passed="4" failed="0" skipped="0">
  <reporter-output>
  </reporter-output>
  <suite started-at="2025-09-06T16:49:46Z" name="Surefire suite" finished-at="2025-09-06T16:49:46Z" duration-ms="181">
    <groups>
    </groups>
    <test started-at="2025-09-06T16:49:46Z" name="Surefire test" finished-at="2025-09-06T16:49:46Z" duration-ms="181">
      <class name="love.disaster.j2j.core.function.EnhancedScriptsTest">
        <test-method signature="testBeetlAdvancedFunction()[pri:0, instance:love.disaster.j2j.core.function.EnhancedScriptsTest@45820e51]" started-at="2025-09-07T00:49:46Z" name="testBeetlAdvancedFunction" finished-at="2025-09-07T00:49:46Z" duration-ms="57" status="PASS">
          <reporter-output>
          </reporter-output>
        </test-method> <!-- testBeetlAdvancedFunction -->
        <test-method signature="testBeetlFunction()[pri:0, instance:love.disaster.j2j.core.function.EnhancedScriptsTest@45820e51]" started-at="2025-09-07T00:49:46Z" name="testBeetlFunction" finished-at="2025-09-07T00:49:46Z" duration-ms="2" status="PASS">
          <reporter-output>
          </reporter-output>
        </test-method> <!-- testBeetlFunction -->
        <test-method signature="testJsonataFunction()[pri:0, instance:love.disaster.j2j.core.function.EnhancedScriptsTest@45820e51]" started-at="2025-09-07T00:49:46Z" name="testJsonataFunction" finished-at="2025-09-07T00:49:46Z" duration-ms="116" status="PASS">
          <reporter-output>
          </reporter-output>
        </test-method> <!-- testJsonataFunction -->
        <test-method signature="testMissingDependencies()[pri:0, instance:love.disaster.j2j.core.function.EnhancedScriptsTest@45820e51]" started-at="2025-09-07T00:49:46Z" name="testMissingDependencies" finished-at="2025-09-07T00:49:46Z" duration-ms="2" status="PASS">
          <reporter-output>
          </reporter-output>
        </test-method> <!-- testMissingDependencies -->
      </class> <!-- love.disaster.j2j.core.function.EnhancedScriptsTest -->
    </test> <!-- Surefire test -->
  </suite> <!-- Surefire suite -->
</testng-results>
