<?xml version="1.0" encoding="UTF-8"?>
<!-- Generated by org.testng.reporters.JUnitXMLReporter -->
<testsuite hostname="MacBook-Pro-2.local" failures="0" tests="4" name="Surefire test" time="0.181" errors="0" timestamp="6 Sep 2025 16:49:46 GMT">
  <testcase classname="love.disaster.j2j.core.function.EnhancedScriptsTest" name="testBeetlAdvancedFunction" time="0.057"/>
  <testcase classname="love.disaster.j2j.core.function.EnhancedScriptsTest" name="testBeetlFunction" time="0.002"/>
  <testcase classname="love.disaster.j2j.core.function.EnhancedScriptsTest" name="testJsonataFunction" time="0.116"/>
  <testcase classname="love.disaster.j2j.core.function.EnhancedScriptsTest" name="testMissingDependencies" time="0.002"/>
</testsuite> <!-- Surefire test -->
